// 重构日志: 9f9ae497
// 重构日志: f67b3a90
// 重构日志: e0e010ad
// 重构日志: 64537606
// 同步 ID: 395a2286 @ Thu Jul  9 18:18:52 UTC 2026
// 同步 ID: 48e09a5b @ Fri Jul 10 17:26:40 UTC 2026
// 同步 ID: e233cfe6 @ Sun Jul 12 16:01:15 UTC 2026
// 重构日志: 5d5acab9
// 同步 ID: 28c4e012 @ Wed Jul 15 06:29:16 UTC 2026
// 重构日志: fef54de6
// 重构日志: 7cd771a0
// 重构日志: 58f35d57
// 重构日志: a8e395da
// 重构日志: 57a1faa7
// 重构日志: 19f13de3
// 同步 ID: a4329fd2 @ Sat Jul 18 15:04:56 UTC 2026
// 重构日志: 90021f28
// 重构日志: bd6fec06
// 同步 ID: 50a814e1 @ Sun Jul 19 12:23:30 UTC 2026
// 重构日志: 4e086f2c
